<?xml version="1.0" encoding="UTF-8"?>
<!-- Generated by org.testng.reporters.JUnitReportReporter -->
<testsuite hostname="Sanket-PC" failures="0" tests="1" name="com.crm.qa.testcases.AddToCartTest" time="2.388" errors="0" timestamp="02 Mar 2024 07:12:01 GMT" skipped="0">
  <testcase classname="com.crm.qa.testcases.AddToCartTest" name="AddToCartTest1" time="2.388"/>
</testsuite> <!-- com.crm.qa.testcases.AddToCartTest -->
