<?xml version="1.0" encoding="UTF-8"?>
<!-- Generated by org.testng.reporters.JUnitReportReporter -->
<testsuite hostname="Sanket-PC" failures="0" tests="1" name="com.crm.qa.testcases.CheckOutPageTest" time="4.404" errors="0" timestamp="04 Mar 2024 04:55:16 GMT" skipped="0">
  <testcase classname="com.crm.qa.testcases.CheckOutPageTest" name="AddToCartTest1" time="4.404"/>
</testsuite> <!-- com.crm.qa.testcases.CheckOutPageTest -->
