<?xml version="1.0" encoding="UTF-8"?>
<!-- Generated by org.testng.reporters.JUnitReportReporter -->
<testsuite hostname="Sanket-PC" failures="0" tests="2" name="com.crm.qa.testcases.ImmigrationHomeTest" time="24.999" errors="0" timestamp="02 Mar 2024 04:52:42 GMT" skipped="0">
  <testcase classname="com.crm.qa.testcases.ImmigrationHomeTest" name="loginPageTitleTest" time="9.118"/>
  <testcase classname="com.crm.qa.testcases.ImmigrationHomeTest" name="Navigation" time="15.881"/>
</testsuite> <!-- com.crm.qa.testcases.ImmigrationHomeTest -->
