<?xml version="1.0" encoding="UTF-8"?>
<!-- Generated by org.testng.reporters.JUnitReportReporter -->
<testsuite hostname="Rohit-RG" failures="0" tests="2" name="com.crm.qa.testcases.ImmigrationPageTest" time="26.209" errors="0" timestamp="02 Mar 2024 04:18:46 GMT" skipped="0">
  <testcase classname="com.crm.qa.testcases.ImmigrationPageTest" name="VerifyTitle" time="13.149"/>
  <testcase classname="com.crm.qa.testcases.ImmigrationPageTest" name="addRecords" time="13.060"/>
</testsuite> <!-- com.crm.qa.testcases.ImmigrationPageTest -->
