<?xml version="1.0" encoding="UTF-8"?>
<!-- Generated by org.testng.reporters.JUnitReportReporter -->
<testsuite hostname="KARNA" failures="0" tests="2" name="com.crm.qa.testcases.ImmigrationTest" time="22.165" errors="0" timestamp="01 Mar 2024 11:26:53 GMT" skipped="0">
  <testcase classname="com.crm.qa.testcases.ImmigrationTest" name="loginPageTitleTest" time="8.838"/>
  <testcase classname="com.crm.qa.testcases.ImmigrationTest" name="Navigation" time="13.327"/>
</testsuite> <!-- com.crm.qa.testcases.ImmigrationTest -->
