<?xml version="1.0" encoding="UTF-8"?>
<!-- Generated by org.testng.reporters.JUnitReportReporter -->
<testsuite hostname="Sanket-PC" failures="0" tests="1" name="com.crm.qa.testcases.LoginPageTest" time="1.960" errors="0" timestamp="02 Mar 2024 05:07:18 GMT" skipped="0">
  <testcase classname="com.crm.qa.testcases.LoginPageTest" name="loginTest" time="1.960"/>
</testsuite> <!-- com.crm.qa.testcases.LoginPageTest -->
